<?xml version="1.0" encoding="UTF-8"?>
<!-- Generated by org.testng.reporters.JUnitReportReporter -->
<testsuite skipped="1" hostname="LAPTOP-UCERKE4B" name="test.test.Learrn.NewTest" tests="2" failures="0" timestamp="28 Mar 2018 15:21:31 GMT" time="0.000" errors="0">
  <testcase name="first" time="0.000" classname="test.test.Learrn.NewTest"/>
  <testcase name="second" classname="test.test.Learrn.NewTest">
    <skipped/>
  </testcase> <!-- second -->
</testsuite> <!-- test.test.Learrn.NewTest -->
