<?xml version="1.0" encoding="UTF-8"?>
<!-- Generated by org.testng.reporters.JUnitReportReporter -->
<testsuite skipped="0" hostname="LAPTOP-UCERKE4B" name="test.test.Learrn.AppTest1" tests="3" failures="0" timestamp="28 Mar 2018 15:21:31 GMT" time="0.016" errors="0">
  <testcase name="first1" time="0.016" classname="test.test.Learrn.AppTest1"/>
  <testcase name="second2" time="0.000" classname="test.test.Learrn.AppTest1"/>
  <testcase name="second2" time="0.000" classname="test.test.Learrn.AppTest1"/>
</testsuite> <!-- test.test.Learrn.AppTest1 -->
